[    40.160] (--) Log file renamed from "/home/konru/.local/share/xorg/Xorg.pid-1317.log" to "/home/konru/.local/share/xorg/Xorg.0.log"
[    40.162] 
X.Org X Server 1.20.9
X Protocol Version 11, Revision 0
[    40.162] Build Operating System: Linux 4.15.0-124-generic x86_64 Ubuntu
[    40.162] Current Operating System: Linux 013-R2102-008-V1 5.8.0-41-generic #46-Ubuntu SMP Mon Jan 18 16:48:44 UTC 2021 x86_64
[    40.162] Kernel command line: BOOT_IMAGE=/boot/vmlinuz-5.8.0-41-generic root=UUID=2117251a-95fa-4920-a08d-ac3d5b943279 ro quiet splash
[    40.162] Build Date: 30 November 2020  05:53:48PM
[    40.162] xorg-server 2:1.20.9-2ubuntu1.1 (For technical support please see http://www.ubuntu.com/support) 
[    40.162] Current version of pixman: 0.38.4
[    40.162] 	Before reporting problems, check http://wiki.x.org
	to make sure that you have the latest version.
[    40.162] Markers: (--) probed, (**) from config file, (==) default setting,
	(++) from command line, (!!) notice, (II) informational,
	(WW) warning, (EE) error, (NI) not implemented, (??) unknown.
[    40.162] (==) Log file: "/home/konru/.local/share/xorg/Xorg.0.log", Time: Wed Feb  3 09:23:33 2021
[    40.163] (==) Using system config directory "/usr/share/X11/xorg.conf.d"
[    40.165] (==) No Layout section.  Using the first Screen section.
[    40.165] (==) No screen section available. Using defaults.
[    40.165] (**) |-->Screen "Default Screen Section" (0)
[    40.165] (**) |   |-->Monitor "<default monitor>"
[    40.165] (==) No monitor specified for screen "Default Screen Section".
	Using a default monitor configuration.
[    40.165] (==) Automatically adding devices
[    40.165] (==) Automatically enabling devices
[    40.165] (==) Automatically adding GPU devices
[    40.165] (==) Automatically binding GPU devices
[    40.165] (==) Max clients allowed: 256, resource mask: 0x1fffff
[    40.165] (WW) The directory "/usr/share/fonts/X11/cyrillic" does not exist.
[    40.165] 	Entry deleted from font path.
[    40.165] (WW) The directory "/usr/share/fonts/X11/100dpi/" does not exist.
[    40.165] 	Entry deleted from font path.
[    40.165] (WW) The directory "/usr/share/fonts/X11/75dpi/" does not exist.
[    40.165] 	Entry deleted from font path.
[    40.165] (WW) The directory "/usr/share/fonts/X11/100dpi" does not exist.
[    40.165] 	Entry deleted from font path.
[    40.165] (WW) The directory "/usr/share/fonts/X11/75dpi" does not exist.
[    40.165] 	Entry deleted from font path.
[    40.165] (==) FontPath set to:
	/usr/share/fonts/X11/misc,
	/usr/share/fonts/X11/Type1,
	built-ins
[    40.165] (==) ModulePath set to "/usr/lib/xorg/modules"
[    40.165] (II) The server relies on udev to provide the list of input devices.
	If no devices become available, reconfigure udev or disable AutoAddDevices.
[    40.165] (II) Loader magic: 0x558dea0b2020
[    40.165] (II) Module ABI versions:
[    40.165] 	X.Org ANSI C Emulation: 0.4
[    40.165] 	X.Org Video Driver: 24.1
[    40.165] 	X.Org XInput driver : 24.1
[    40.165] 	X.Org Server Extension : 10.0
[    40.166] (++) using VT number 2

[    40.167] (II) systemd-logind: took control of session /org/freedesktop/login1/session/_32
[    40.168] (II) xfree86: Adding drm device (/dev/dri/card0)
[    40.169] (II) systemd-logind: got fd for /dev/dri/card0 226:0 fd 14 paused 0
[    40.171] (--) PCI:*(0@0:2:0) 15ad:0405:15ad:0405 rev 0, Mem @ 0xe0000000/16777216, 0xf0000000/2097152, I/O @ 0x0000d010/16, BIOS @ 0x????????/131072
[    40.171] (II) LoadModule: "glx"
[    40.175] (II) Loading /usr/lib/xorg/modules/extensions/libglx.so
[    40.178] (II) Module glx: vendor="X.Org Foundation"
[    40.178] 	compiled for 1.20.9, module version = 1.0.0
[    40.178] 	ABI class: X.Org Server Extension, version 10.0
[    40.178] (==) Matched vmware as autoconfigured driver 0
[    40.178] (==) Matched modesetting as autoconfigured driver 1
[    40.178] (==) Matched fbdev as autoconfigured driver 2
[    40.178] (==) Matched vesa as autoconfigured driver 3
[    40.178] (==) Assigned the driver to the xf86ConfigLayout
[    40.178] (II) LoadModule: "vmware"
[    40.179] (II) Loading /usr/lib/xorg/modules/drivers/vmware_drv.so
[    40.212] (II) Module vmware: vendor="X.Org Foundation"
[    40.212] 	compiled for 1.20.8, module version = 13.3.0
[    40.212] 	Module class: X.Org Video Driver
[    40.212] 	ABI class: X.Org Video Driver, version 24.1
[    40.212] (II) LoadModule: "modesetting"
[    40.212] (II) Loading /usr/lib/xorg/modules/drivers/modesetting_drv.so
[    40.214] (II) Module modesetting: vendor="X.Org Foundation"
[    40.214] 	compiled for 1.20.9, module version = 1.20.9
[    40.214] 	Module class: X.Org Video Driver
[    40.214] 	ABI class: X.Org Video Driver, version 24.1
[    40.216] (II) LoadModule: "fbdev"
[    40.216] (II) Loading /usr/lib/xorg/modules/drivers/fbdev_drv.so
[    40.220] (II) Module fbdev: vendor="X.Org Foundation"
[    40.220] 	compiled for 1.20.1, module version = 0.5.0
[    40.220] 	Module class: X.Org Video Driver
[    40.220] 	ABI class: X.Org Video Driver, version 24.0
[    40.220] (II) LoadModule: "vesa"
[    40.220] (II) Loading /usr/lib/xorg/modules/drivers/vesa_drv.so
[    40.221] (II) Module vesa: vendor="X.Org Foundation"
[    40.221] 	compiled for 1.20.8, module version = 2.5.0
[    40.221] 	Module class: X.Org Video Driver
[    40.221] 	ABI class: X.Org Video Driver, version 24.1
[    40.221] (II) vmware: driver for VMware SVGA: vmware0405, vmware0710
[    40.221] (II) modesetting: Driver for Modesetting Kernel Drivers: kms
[    40.221] (II) FBDEV: driver for framebuffer: fbdev
[    40.221] (II) VESA: driver for VESA chipsets: vesa
[    40.221] xf86EnableIOPorts: failed to set IOPL for I/O (Operation not permitted)
[    40.221] (WW) Falling back to old probe method for modesetting
[    40.221] (WW) Falling back to old probe method for fbdev
[    40.221] (II) Loading sub module "fbdevhw"
[    40.221] (II) LoadModule: "fbdevhw"
[    40.221] (II) Loading /usr/lib/xorg/modules/libfbdevhw.so
[    40.222] (II) Module fbdevhw: vendor="X.Org Foundation"
[    40.222] 	compiled for 1.20.9, module version = 0.0.2
[    40.222] 	ABI class: X.Org Video Driver, version 24.1
[    40.222] (EE) open /dev/fb0: Permission denied
[    40.222] (WW) VGA arbiter: cannot open kernel arbiter, no multi-card support
[    40.222] (II) vmware(0): Creating default Display subsection in Screen section
	"Default Screen Section" for depth/fbbpp 24/32
[    40.222] (--) vmware(0): DRM driver version is 2.18.0
[    40.222] (==) vmware(0): Depth 24, (--) framebuffer bpp 32
[    40.222] (==) vmware(0): RGB weight 888
[    40.222] (==) vmware(0): Default visual is TrueColor
[    40.222] (--) vmware(0): Min width 1, Max Width 8192.
[    40.222] (--) vmware(0): Min height 1, Max Height 8192.
[    40.222] (II) vmware(0): Output Virtual1 has no monitor section
[    40.222] (II) vmware(0): Output Virtual2 has no monitor section
[    40.222] (II) vmware(0): Output Virtual3 has no monitor section
[    40.223] (II) vmware(0): Output Virtual4 has no monitor section
[    40.223] (II) vmware(0): Output Virtual5 has no monitor section
[    40.223] (II) vmware(0): Output Virtual6 has no monitor section
[    40.223] (II) vmware(0): Output Virtual7 has no monitor section
[    40.223] (II) vmware(0): Output Virtual8 has no monitor section
[    40.223] (II) vmware(0): Printing probed modes for output Virtual1
[    40.223] (II) vmware(0): Modeline "800x600"x60.0   42.75  800 850 900 950  600 650 700 750 -hsync +vsync (45.0 kHz eP)
[    40.223] (II) vmware(0): Modeline "2560x1600"x60.0  348.50  2560 2752 3032 3504  1600 1603 1609 1658 -hsync +vsync (99.5 kHz e)
[    40.223] (II) vmware(0): Modeline "1920x1440"x60.0  234.00  1920 2048 2256 2600  1440 1441 1444 1500 -hsync +vsync (90.0 kHz e)
[    40.223] (II) vmware(0): Modeline "1856x1392"x60.0  218.25  1856 1952 2176 2528  1392 1393 1396 1439 -hsync +vsync (86.3 kHz e)
[    40.223] (II) vmware(0): Modeline "1792x1344"x60.0  204.75  1792 1920 2120 2448  1344 1345 1348 1394 -hsync +vsync (83.6 kHz e)
[    40.223] (II) vmware(0): Modeline "1920x1200"x59.9  193.25  1920 2056 2256 2592  1200 1203 1209 1245 -hsync +vsync (74.6 kHz e)
[    40.223] (II) vmware(0): Modeline "1600x1200"x60.0  162.00  1600 1664 1856 2160  1200 1201 1204 1250 +hsync +vsync (75.0 kHz e)
[    40.223] (II) vmware(0): Modeline "1680x1050"x60.0  146.25  1680 1784 1960 2240  1050 1053 1059 1089 -hsync +vsync (65.3 kHz e)
[    40.223] (II) vmware(0): Modeline "1400x1050"x60.0  121.75  1400 1488 1632 1864  1050 1053 1057 1089 -hsync +vsync (65.3 kHz e)
[    40.223] (II) vmware(0): Modeline "1280x1024"x60.0  108.00  1280 1328 1440 1688  1024 1025 1028 1066 +hsync +vsync (64.0 kHz e)
[    40.223] (II) vmware(0): Modeline "1440x900"x59.9  106.50  1440 1520 1672 1904  900 903 909 934 -hsync +vsync (55.9 kHz e)
[    40.223] (II) vmware(0): Modeline "1280x960"x60.0  108.00  1280 1376 1488 1800  960 961 964 1000 +hsync +vsync (60.0 kHz e)
[    40.223] (II) vmware(0): Modeline "1360x768"x60.0   85.50  1360 1424 1536 1792  768 771 777 795 +hsync +vsync (47.7 kHz e)
[    40.223] (II) vmware(0): Modeline "1280x800"x59.8   83.50  1280 1352 1480 1680  800 803 809 831 +hsync -vsync (49.7 kHz e)
[    40.223] (II) vmware(0): Modeline "1152x864"x75.0  108.00  1152 1216 1344 1600  864 865 868 900 +hsync +vsync (67.5 kHz e)
[    40.223] (II) vmware(0): Modeline "1280x768"x59.9   79.50  1280 1344 1472 1664  768 771 778 798 -hsync +vsync (47.8 kHz e)
[    40.223] (II) vmware(0): Modeline "1024x768"x60.0   65.00  1024 1048 1184 1344  768 771 777 806 -hsync -vsync (48.4 kHz e)
[    40.223] (II) vmware(0): Modeline "800x600"x60.3   40.00  800 840 968 1056  600 601 605 628 +hsync +vsync (37.9 kHz e)
[    40.223] (II) vmware(0): Modeline "640x480"x59.9   25.18  640 656 752 800  480 489 492 525 -hsync -vsync (31.5 kHz e)
[    40.223] (II) vmware(0): EDID for output Virtual2
[    40.223] (II) vmware(0): EDID for output Virtual3
[    40.223] (II) vmware(0): EDID for output Virtual4
[    40.223] (II) vmware(0): EDID for output Virtual5
[    40.223] (II) vmware(0): EDID for output Virtual6
[    40.223] (II) vmware(0): EDID for output Virtual7
[    40.223] (II) vmware(0): EDID for output Virtual8
[    40.223] (II) vmware(0): Output Virtual1 connected
[    40.223] (II) vmware(0): Output Virtual2 disconnected
[    40.223] (II) vmware(0): Output Virtual3 disconnected
[    40.223] (II) vmware(0): Output Virtual4 disconnected
[    40.223] (II) vmware(0): Output Virtual5 disconnected
[    40.223] (II) vmware(0): Output Virtual6 disconnected
[    40.223] (II) vmware(0): Output Virtual7 disconnected
[    40.223] (II) vmware(0): Output Virtual8 disconnected
[    40.223] (II) vmware(0): Using exact sizes for initial modes
[    40.223] (II) vmware(0): Output Virtual1 using initial mode 800x600 +0+0
[    40.223] (==) vmware(0): DPI set to (96, 96)
[    40.223] (==) vmware(0): Using gamma correction (1.0, 1.0, 1.0)
[    40.223] (II) Loading sub module "fb"
[    40.223] (II) LoadModule: "fb"
[    40.223] (II) Loading /usr/lib/xorg/modules/libfb.so
[    40.228] (II) Module fb: vendor="X.Org Foundation"
[    40.228] 	compiled for 1.20.9, module version = 1.0.0
[    40.228] 	ABI class: X.Org ANSI C Emulation, version 0.4
[    40.228] (II) Loading sub module "dri2"
[    40.228] (II) LoadModule: "dri2"
[    40.228] (II) Module "dri2" already built-in
[    40.228] (II) Loading sub module "dri3"
[    40.228] (II) LoadModule: "dri3"
[    40.228] (II) Module "dri3" already built-in
[    40.228] (II) UnloadModule: "modesetting"
[    40.228] (II) Unloading modesetting
[    40.228] (II) UnloadModule: "fbdev"
[    40.228] (II) Unloading fbdev
[    40.228] (II) UnloadSubModule: "fbdevhw"
[    40.228] (II) Unloading fbdevhw
[    40.228] (II) UnloadModule: "vesa"
[    40.228] (II) Unloading vesa
[    40.230] (II) vmware(0): Initialized VMWARE_CTRL extension version 0.2
[    40.237] (WW) vmware(0): Failed to initialize Gallium3D Xa. No render acceleration available.
[    40.237] (WW) vmware(0): Skipped initialization of direct rendering due to lack of render acceleration.
[    40.237] (--) vmware(0): Render acceleration is disabled.
[    40.237] (==) vmware(0): Rendercheck mode is disabled.
[    40.237] (--) vmware(0): Direct rendering (DRI2 3D) is disabled.
[    40.238] (--) vmware(0): Direct rendering (DRI3 3D) is disabled.
[    40.238] (==) vmware(0): Backing store enabled
[    40.238] (==) vmware(0): Silken mouse enabled
[    40.239] (==) vmware(0): DPMS enabled
[    40.239] (II) vmware(0): No 3D acceleration. Not setting up textured video.
[    40.239] (WW) vmware(0): Disabling Xv because no adaptors could be initialized.
[    40.240] (II) Initializing extension Generic Event Extension
[    40.240] (II) Initializing extension SHAPE
[    40.240] (II) Initializing extension MIT-SHM
[    40.240] (II) Initializing extension XInputExtension
[    40.241] (II) Initializing extension XTEST
[    40.242] (II) Initializing extension BIG-REQUESTS
[    40.243] (II) Initializing extension SYNC
[    40.243] (II) Initializing extension XKEYBOARD
[    40.243] (II) Initializing extension XC-MISC
[    40.243] (II) Initializing extension SECURITY
[    40.244] (II) Initializing extension XFIXES
[    40.244] (II) Initializing extension RENDER
[    40.246] (II) Initializing extension RANDR
[    40.246] (II) Initializing extension COMPOSITE
[    40.247] (II) Initializing extension DAMAGE
[    40.247] (II) Initializing extension MIT-SCREEN-SAVER
[    40.247] (II) Initializing extension DOUBLE-BUFFER
[    40.247] (II) Initializing extension RECORD
[    40.247] (II) Initializing extension DPMS
[    40.248] (II) Initializing extension Present
[    40.248] (II) Initializing extension DRI3
[    40.248] (II) Initializing extension X-Resource
[    40.249] (II) Initializing extension XVideo
[    40.249] (II) Initializing extension XVideo-MotionCompensation
[    40.249] (II) Initializing extension SELinux
[    40.249] (II) SELinux: Disabled on system
[    40.249] (II) Initializing extension GLX
[    40.251] (II) AIGLX: Screen 0 is not DRI2 capable
[    40.261] (II) IGLX: Loaded and initialized swrast
[    40.261] (II) GLX: Initialized DRISWRAST GL provider for screen 0
[    40.261] (II) Initializing extension XFree86-VidModeExtension
[    40.261] (II) Initializing extension XFree86-DGA
[    40.261] (II) Initializing extension XFree86-DRI
[    40.262] (II) Initializing extension DRI2
[    40.267] (II) vmware(0): Setting screen physical size to 211 x 158
[    40.342] (II) config/udev: Adding input device Power Button (/dev/input/event0)
[    40.343] (**) Power Button: Applying InputClass "libinput keyboard catchall"
[    40.343] (II) LoadModule: "libinput"
[    40.344] (II) Loading /usr/lib/xorg/modules/input/libinput_drv.so
[    40.347] (II) Module libinput: vendor="X.Org Foundation"
[    40.348] 	compiled for 1.20.8, module version = 0.30.0
[    40.348] 	Module class: X.Org XInput Driver
[    40.348] 	ABI class: X.Org XInput driver, version 24.1
[    40.348] (II) Using input driver 'libinput' for 'Power Button'
[    40.349] (II) systemd-logind: got fd for /dev/input/event0 13:64 fd 22 paused 0
[    40.349] (**) Power Button: always reports core events
[    40.349] (**) Option "Device" "/dev/input/event0"
[    40.349] (**) Option "_source" "server/udev"
[    40.352] (II) event0  - Power Button: is tagged by udev as: Keyboard
[    40.352] (II) event0  - Power Button: device is a keyboard
[    40.353] (II) event0  - Power Button: device removed
[    40.353] (**) Option "config_info" "udev:/sys/devices/LNXSYSTM:00/LNXPWRBN:00/input/input0/event0"
[    40.353] (II) XINPUT: Adding extended input device "Power Button" (type: KEYBOARD, id 6)
[    40.354] (**) Option "xkb_model" "pc105"
[    40.354] (**) Option "xkb_layout" "jp"
[    40.373] (II) event0  - Power Button: is tagged by udev as: Keyboard
[    40.374] (II) event0  - Power Button: device is a keyboard
[    40.374] (II) config/udev: Adding input device Sleep Button (/dev/input/event1)
[    40.374] (**) Sleep Button: Applying InputClass "libinput keyboard catchall"
[    40.375] (II) Using input driver 'libinput' for 'Sleep Button'
[    40.375] (II) systemd-logind: got fd for /dev/input/event1 13:65 fd 25 paused 0
[    40.376] (**) Sleep Button: always reports core events
[    40.376] (**) Option "Device" "/dev/input/event1"
[    40.376] (**) Option "_source" "server/udev"
[    40.376] (II) event1  - Sleep Button: is tagged by udev as: Keyboard
[    40.377] (II) event1  - Sleep Button: device is a keyboard
[    40.377] (II) event1  - Sleep Button: device removed
[    40.377] (**) Option "config_info" "udev:/sys/devices/LNXSYSTM:00/LNXSLPBN:00/input/input1/event1"
[    40.377] (II) XINPUT: Adding extended input device "Sleep Button" (type: KEYBOARD, id 7)
[    40.377] (**) Option "xkb_model" "pc105"
[    40.377] (**) Option "xkb_layout" "jp"
[    40.379] (II) event1  - Sleep Button: is tagged by udev as: Keyboard
[    40.379] (II) event1  - Sleep Button: device is a keyboard
[    40.379] (II) config/udev: Adding input device Video Bus (/dev/input/event3)
[    40.379] (**) Video Bus: Applying InputClass "libinput keyboard catchall"
[    40.379] (II) Using input driver 'libinput' for 'Video Bus'
[    40.380] (II) systemd-logind: got fd for /dev/input/event3 13:67 fd 26 paused 0
[    40.380] (**) Video Bus: always reports core events
[    40.380] (**) Option "Device" "/dev/input/event3"
[    40.380] (**) Option "_source" "server/udev"
[    40.381] (II) event3  - Video Bus: is tagged by udev as: Keyboard
[    40.381] (II) event3  - Video Bus: device is a keyboard
[    40.381] (II) event3  - Video Bus: device removed
[    40.381] (**) Option "config_info" "udev:/sys/devices/LNXSYSTM:00/LNXSYBUS:00/PNP0A03:00/LNXVIDEO:00/input/input4/event3"
[    40.381] (II) XINPUT: Adding extended input device "Video Bus" (type: KEYBOARD, id 8)
[    40.381] (**) Option "xkb_model" "pc105"
[    40.382] (**) Option "xkb_layout" "jp"
[    40.382] (II) event3  - Video Bus: is tagged by udev as: Keyboard
[    40.382] (II) event3  - Video Bus: device is a keyboard
[    40.383] (II) config/udev: Adding input device VirtualBox mouse integration (/dev/input/event6)
[    40.384] (**) VirtualBox mouse integration: Applying InputClass "libinput pointer catchall"
[    40.384] (II) Using input driver 'libinput' for 'VirtualBox mouse integration'
[    40.385] (II) systemd-logind: got fd for /dev/input/event6 13:70 fd 27 paused 0
[    40.385] (**) VirtualBox mouse integration: always reports core events
[    40.385] (**) Option "Device" "/dev/input/event6"
[    40.385] (**) Option "_source" "server/udev"
[    40.386] (II) event6  - VirtualBox mouse integration: is tagged by udev as: Mouse
[    40.387] (II) event6  - VirtualBox mouse integration: device is a pointer
[    40.387] (II) event6  - VirtualBox mouse integration: device removed
[    40.387] (**) Option "config_info" "udev:/sys/devices/pci0000:00/0000:00:04.0/input/input7/event6"
[    40.387] (II) XINPUT: Adding extended input device "VirtualBox mouse integration" (type: MOUSE, id 9)
[    40.387] (**) Option "AccelerationScheme" "none"
[    40.388] (**) VirtualBox mouse integration: (accel) selected scheme none/0
[    40.388] (**) VirtualBox mouse integration: (accel) acceleration factor: 2.000
[    40.388] (**) VirtualBox mouse integration: (accel) acceleration threshold: 4
[    40.389] (II) event6  - VirtualBox mouse integration: is tagged by udev as: Mouse
[    40.389] (II) event6  - VirtualBox mouse integration: device is a pointer
[    40.390] (II) config/udev: Adding input device VirtualBox mouse integration (/dev/input/js1)
[    40.390] (II) No input driver specified, ignoring this device.
[    40.391] (II) This device may have been added with another device file.
[    40.391] (II) config/udev: Adding input device VirtualBox mouse integration (/dev/input/mouse2)
[    40.391] (II) No input driver specified, ignoring this device.
[    40.391] (II) This device may have been added with another device file.
[    40.392] (II) config/udev: Adding input device VirtualBox USB Tablet (/dev/input/event4)
[    40.393] (**) VirtualBox USB Tablet: Applying InputClass "libinput pointer catchall"
[    40.393] (II) Using input driver 'libinput' for 'VirtualBox USB Tablet'
[    40.450] (II) systemd-logind: got fd for /dev/input/event4 13:68 fd 28 paused 0
[    40.450] (**) VirtualBox USB Tablet: always reports core events
[    40.450] (**) Option "Device" "/dev/input/event4"
[    40.450] (**) Option "_source" "server/udev"
[    40.451] (II) event4  - VirtualBox USB Tablet: is tagged by udev as: Mouse
[    40.451] (II) event4  - VirtualBox USB Tablet: device is a pointer
[    40.451] (II) event4  - VirtualBox USB Tablet: device removed
[    40.451] (**) Option "config_info" "udev:/sys/devices/pci0000:00/0000:00:06.0/usb1/1-1/1-1:1.0/0003:80EE:0021.0001/input/input6/event4"
[    40.451] (II) XINPUT: Adding extended input device "VirtualBox USB Tablet" (type: MOUSE, id 10)
[    40.451] (**) Option "AccelerationScheme" "none"
[    40.451] (**) VirtualBox USB Tablet: (accel) selected scheme none/0
[    40.451] (**) VirtualBox USB Tablet: (accel) acceleration factor: 2.000
[    40.451] (**) VirtualBox USB Tablet: (accel) acceleration threshold: 4
[    40.452] (II) event4  - VirtualBox USB Tablet: is tagged by udev as: Mouse
[    40.453] (II) event4  - VirtualBox USB Tablet: device is a pointer
[    40.453] (II) config/udev: Adding input device VirtualBox USB Tablet (/dev/input/js0)
[    40.453] (II) No input driver specified, ignoring this device.
[    40.453] (II) This device may have been added with another device file.
[    40.454] (II) config/udev: Adding input device VirtualBox USB Tablet (/dev/input/mouse0)
[    40.454] (II) No input driver specified, ignoring this device.
[    40.454] (II) This device may have been added with another device file.
[    40.454] (II) config/udev: Adding input device AT Translated Set 2 keyboard (/dev/input/event2)
[    40.454] (**) AT Translated Set 2 keyboard: Applying InputClass "libinput keyboard catchall"
[    40.454] (II) Using input driver 'libinput' for 'AT Translated Set 2 keyboard'
[    40.455] (II) systemd-logind: got fd for /dev/input/event2 13:66 fd 29 paused 0
[    40.455] (**) AT Translated Set 2 keyboard: always reports core events
[    40.455] (**) Option "Device" "/dev/input/event2"
[    40.455] (**) Option "_source" "server/udev"
[    40.455] (II) event2  - AT Translated Set 2 keyboard: is tagged by udev as: Keyboard
[    40.456] (II) event2  - AT Translated Set 2 keyboard: device is a keyboard
[    40.456] (II) event2  - AT Translated Set 2 keyboard: device removed
[    40.456] (**) Option "config_info" "udev:/sys/devices/platform/i8042/serio0/input/input2/event2"
[    40.456] (II) XINPUT: Adding extended input device "AT Translated Set 2 keyboard" (type: KEYBOARD, id 11)
[    40.456] (**) Option "xkb_model" "pc105"
[    40.456] (**) Option "xkb_layout" "jp"
[    40.457] (II) event2  - AT Translated Set 2 keyboard: is tagged by udev as: Keyboard
[    40.457] (II) event2  - AT Translated Set 2 keyboard: device is a keyboard
[    40.457] (II) config/udev: Adding input device ImExPS/2 Generic Explorer Mouse (/dev/input/event5)
[    40.457] (**) ImExPS/2 Generic Explorer Mouse: Applying InputClass "libinput pointer catchall"
[    40.457] (II) Using input driver 'libinput' for 'ImExPS/2 Generic Explorer Mouse'
[    40.458] (II) systemd-logind: got fd for /dev/input/event5 13:69 fd 30 paused 0
[    40.458] (**) ImExPS/2 Generic Explorer Mouse: always reports core events
[    40.458] (**) Option "Device" "/dev/input/event5"
[    40.458] (**) Option "_source" "server/udev"
[    40.459] (II) event5  - ImExPS/2 Generic Explorer Mouse: is tagged by udev as: Mouse
[    40.459] (II) event5  - ImExPS/2 Generic Explorer Mouse: device is a pointer
[    40.459] (II) event5  - ImExPS/2 Generic Explorer Mouse: device removed
[    40.459] (**) Option "config_info" "udev:/sys/devices/platform/i8042/serio1/input/input5/event5"
[    40.459] (II) XINPUT: Adding extended input device "ImExPS/2 Generic Explorer Mouse" (type: MOUSE, id 12)
[    40.459] (**) Option "AccelerationScheme" "none"
[    40.459] (**) ImExPS/2 Generic Explorer Mouse: (accel) selected scheme none/0
[    40.459] (**) ImExPS/2 Generic Explorer Mouse: (accel) acceleration factor: 2.000
[    40.459] (**) ImExPS/2 Generic Explorer Mouse: (accel) acceleration threshold: 4
[    40.459] (II) event5  - ImExPS/2 Generic Explorer Mouse: is tagged by udev as: Mouse
[    40.460] (II) event5  - ImExPS/2 Generic Explorer Mouse: device is a pointer
[    40.460] (II) config/udev: Adding input device ImExPS/2 Generic Explorer Mouse (/dev/input/mouse1)
[    40.460] (II) No input driver specified, ignoring this device.
[    40.460] (II) This device may have been added with another device file.
[    41.098] (EE) No surface to present from.
